<?xml version="1.0" encoding="UTF-8"?>
<!-- Generated by org.testng.reporters.JUnitReportReporter -->
<testsuite hostname="DESKTOP-IHIJH93" failures="0" tests="1" name="com.crm.SeleniumFrameworkTY.Practice" time="0.012" errors="0" timestamp="18 Oct 2022 05:31:42 GMT" skipped="0">
  <testcase classname="com.crm.SeleniumFrameworkTY.Practice" name="m1" time="0.012"/>
</testsuite> <!-- com.crm.SeleniumFrameworkTY.Practice -->
