<?xml version="1.0" encoding="UTF-8"?>
<!-- Generated by org.testng.reporters.JUnitReportReporter -->
<testsuite hostname="DESKTOP-IHIJH93" failures="0" tests="1" name="com.crm.campaign.CreateCampaignTest" time="20.152" errors="0" timestamp="2022-10-18T11:45:36 IST" skipped="0">
  <testcase classname="com.crm.campaign.CreateCampaignTest" name="createCampaignTest" time="20.152"/>
  <system-out/>
</testsuite> <!-- com.crm.campaign.CreateCampaignTest -->
