<?xml version="1.0" encoding="UTF-8"?>
<!-- Generated by org.testng.reporters.JUnitReportReporter -->
<testsuite hostname="DESKTOP-IHIJH93" failures="0" tests="1" name="com.crm.product.CreateAndDeleteProductTest" time="11.363" errors="0" timestamp="2022-10-18T11:46:53 IST" skipped="0">
  <testcase classname="com.crm.product.CreateAndDeleteProductTest" name="createAndDeleteProductTest" time="11.363"/>
  <system-out/>
</testsuite> <!-- com.crm.product.CreateAndDeleteProductTest -->
